ACCN (720p),https://fl1.moveonjoy.com/ACC_NETWORK/index.m3u8
AXS TV,https://fl1.moveonjoy.com/Axs_TV/index.m3u8
beIN Sports USA,http://fl1.moveonjoy.com/BEIN_SPORTS/index.m3u8
BET East,https://fl1.moveonjoy.com/BET_EAST/index.m3u8
BET Gospel,https://fl1.moveonjoy.com/BET_GOSPEL/index.m3u8
BET Her East,https://fl1.moveonjoy.com/BET_HER/index.m3u8
BET Jams,https://fl1.moveonjoy.com/BET_Jams/index.m3u8
BET Soul,https://fl1.moveonjoy.com/BET_SOUL/index.m3u8
Bounce,https://fl1.moveonjoy.com/BOUNCE_TV/index.m3u8
Bravo East,https://fl1.moveonjoy.com/BRAVO/index.m3u8
Buzzr,https://fl1.moveonjoy.com/Buzzr/index.m3u8
C-SPAN,https://fl1.moveonjoy.com/C-SPAN/index.m3u8
CBS East (720p),https://fl1.moveonjoy.com/CBS_News/index.m3u8
CBS Sports Network USA,https://fl1.moveonjoy.com/CBS_SPORTS_NETWORK/index.m3u8
Cleo TV (720p),https://fl1.moveonjoy.com/Cleo_TV/index.m3u8
CMT East,https://fl1.moveonjoy.com/CMT/index.m3u8
Comedy Central East (720p),https://fl1.moveonjoy.com/Comedy_Central/index.m3u8
Comedy TV,https://fl1.moveonjoy.com/Comedy_TV/index.m3u8
Comet,https://fl1.moveonjoy.com/COMET/index.m3u8
Court TV,https://fl1.moveonjoy.com/COURT_TV/index.m3u8
Cozi TV,https://fl1.moveonjoy.com/COZI_TV/index.m3u8
Crave 3,https://fl1.moveonjoy.com/CRAVE_3/index.m3u8
Crime + Investigation,https://fl1.moveonjoy.com/Crime_and_Investigation_Network/index.m3u8
CuriosityStream (720p),https://fl1.moveonjoy.com/Curiosity_Stream/index.m3u8
CVM TV,https://fl1.moveonjoy.com/CVM_TV_CARIBBEAN/index.m3u8
Disney XD (720p),http://fl1.moveonjoy.com/DISNEY_XD/index.m3u8
ESPN U (720p),https://fl1.moveonjoy.com/ESPN_U/index.m3u8
ESPNews (720p),https://fl1.moveonjoy.com/ESPN_NEWS/index.m3u8
FanDuel Sports Network,https://fl1.moveonjoy.com/PAC_12/index.m3u8
FanDuel TV,https://fl1.moveonjoy.com/TVG/index.m3u8
Fox Business Network (720p),https://fl1.moveonjoy.com/FOX_Business_Network/index.m3u8
Fox Soul,https://fl1.moveonjoy.com/FOX_SOUL/index.m3u8
Fox Sports 1,https://fl1.moveonjoy.com/FOX_Sports_1/index.m3u8
Free form East,https://fl1.moveonjoy.com/FREE_FORM/index.m3u8
Fuse East (720p),https://fl1.moveonjoy.com/FUSE/index.m3u8
FX East,https://fl1.moveonjoy.com/FX/index.m3u8
FXM East,https://fl1.moveonjoy.com/FX_MOVIE/index.m3u8
FXX East,https://fl1.moveonjoy.com/FXX/index.m3u8
FYI East,https://fl1.moveonjoy.com/FYI/index.m3u8
GetTV (480p),https://fl1.moveonjoy.com/GET_TV/index.m3u8
Golf Channel,https://fl1.moveonjoy.com/GOLF/index.m3u8
Great American Country,https://fl1.moveonjoy.com/Great_American_Country/index.m3u8
Grit,https://fl1.moveonjoy.com/GRIT_TV/index.m3u8
Hallmark Channel East,https://fl1.moveonjoy.com/HALLMARK_CHANNEL/index.m3u8
Hallmark Drama (720p),https://fl1.moveonjoy.com/HALLMARK_DRAMA/index.m3u8
History,https://fl1.moveonjoy.com/history_channel/index.m3u8
HSN,https://fl1.moveonjoy.com/HSN/index.m3u8
INSP,https://fl1.moveonjoy.com/INSP/index.m3u8
ION Plus East (720p),https://fl1.moveonjoy.com/ION_Plus/index.m3u8
ION TV East,https://fl1.moveonjoy.com/ION_TV/index.m3u8
Lifetime East,https://fl1.moveonjoy.com/LIFETIME/index.m3u8
Lifetime Movies East,https://fl1.moveonjoy.com/LIFETIME_MOVIE_NETWORK/index.m3u8
Love Nature,https://fl1.moveonjoy.com/LOVE_NATURE/index.m3u8
MAV TV (720p),https://fl1.moveonjoy.com/MAV_TV/index.m3u8
MeTV,https://fl1.moveonjoy.com/ME_TV/index.m3u8
MGM+ East,https://fl1.moveonjoy.com/EPIX/index.m3u8
MGM+ Marquee,https://fl1.moveonjoy.com/EPIX_DRIVE_IN/index.m3u8
Military History,https://fl1.moveonjoy.com/Military_History/index.m3u8
MLB Network,https://fl1.moveonjoy.com/MLB_NETWORK/index.m3u8
MSG,https://fl1.moveonjoy.com/MSG/index.m3u8
Much (720p),https://fl1.moveonjoy.com/MUCH/index.m3u8
News Nation (720p),https://fl1.moveonjoy.com/NEWS_NATION/index.m3u8
NFL Network,https://fl1.moveonjoy.com/NFL_NETWORK/index.m3u8
NFL RedZone,https://fl1.moveonjoy.com/NFL_RedZone/index.m3u8
NHL Network (720p),https://fl1.moveonjoy.com/NHL_NETWORK/index.m3u8
Nick Jr. East (720p),https://fl1.moveonjoy.com/NICK_JR/index.m3u8
Nick Music (720p),https://fl1.moveonjoy.com/NICK_MUSIC/index.m3u8
Nickelodeon East,https://fl1.moveonjoy.com/NICKELODEON/index.m3u8
Nicktoons East,https://fl1.moveonjoy.com/NICKTOONS/index.m3u8
OuterMax East (720p),https://fl1.moveonjoy.com/OUTER_MAX/index.m3u8
Ovation (1080p),https://fl1.moveonjoy.com/Ovation/index.m3u8
Oxygen East,https://fl1.moveonjoy.com/OXYGEN/index.m3u8
Pop TV,https://fl1.moveonjoy.com/Pop_TV/index.m3u8
Pursuit Channel (720p),https://fl1.moveonjoy.com/Pursuit_Channel/index.m3u8
QVC (720p),https://fl1.moveonjoy.com/QVC/index.m3u8
Reelz (720p),https://fl1.moveonjoy.com/REELZ/index.m3u8
Revolt,https://fl1.moveonjoy.com/REVOLT/index.m3u8
Showtime West (1080p),https://fl1.moveonjoy.com/SHOWTIME_WEST/index.m3u8
Smithsonian Channel East,https://fl1.moveonjoy.com/SMITHSONIAN_CHANNEL/index.m3u8
Sony Channel,https://fl1.moveonjoy.com/Sony_Movie_Channel/index.m3u8
Sportsman Channel,https://fl1.moveonjoy.com/SPORTSMAN_CHANNEL/index.m3u8
SportsNet New York (540p),https://fl1.moveonjoy.com/SNY/index.m3u8
Stories by AMC (1080p),http://fl1.moveonjoy.com/AMC_NETWORK/index.m3u8
Sundance TV East,https://fl1.moveonjoy.com/SUNDANCE/index.m3u8
Syfy East,https://fl1.moveonjoy.com/SYFY/index.m3u8
TeenNick,https://fl1.moveonjoy.com/Teen_Nick/index.m3u8
Tennis Channel,https://fl1.moveonjoy.com/TENNIS_CHANNEL/index.m3u8
The Cowboy Channel,https://fl1.moveonjoy.com/Cowboy_Channel/index.m3u8
TSN1 (1080p),https://fl1.moveonjoy.com/TSN_1/index.m3u8
TV Land,https://fl1.moveonjoy.com/TV_LAND/index.m3u8
TV One,https://fl1.moveonjoy.com/TV_ONE/index.m3u8
Up TV (1080p),https://fl1.moveonjoy.com/Up_Tv/index.m3u8
USA Network (720p),http://fl1.moveonjoy.com/USA_NETWORK/index.m3u8
VH1 East,https://fl1.moveonjoy.com/VH1/index.m3u8
VICE TV (720p),https://fl1.moveonjoy.com/VICELAND/index.m3u8
W Network (720p),https://fl1.moveonjoy.com/W_NETWORK/index.m3u8
We TV East,https://fl1.moveonjoy.com/WE_TV/index.m3u8
WFLA-DT1,https://fl1.moveonjoy.com/FL_Tampa_NBC/index.m3u8
WFLX-DT1,https://fl1.moveonjoy.com/FL_West_Palm_Beach_FOX/index.m3u8
WFTS-DT1,https://fl1.moveonjoy.com/FL_Tampa_ABC/index.m3u8
WGN-DT1 (720p),https://fl1.moveonjoy.com/WGN/index.m3u8
Willow,https://fl1.moveonjoy.com/WILLOW_CRICKET/index.m3u8
WKCF-DT1,https://fl1.moveonjoy.com/CW_ORLANDO/index.m3u8
WOFL-DT1 (720p),https://fl1.moveonjoy.com/FOX_EAST/index.m3u8
World Fishing Network,https://fl1.moveonjoy.com/WORLD_FISHING_NETWORK/index.m3u8
WPEC-DT1,https://fl1.moveonjoy.com/FL_West_Palm_Beach_CBS/index.m3u8
WTOG-DT1,https://fl1.moveonjoy.com/FL_Tampa_CW44/index.m3u8
WVGN-LD1,https://fl1.moveonjoy.com/Virgin_Islands_NBC/index.m3u8
Yes Network,https://fl1.moveonjoy.com/YES_NETWORK/index.m3u8
